<?xml version="1.0" encoding="UTF-8"?>
<testng-results ignored="0" total="1" passed="1" failed="0" skipped="0">
  <reporter-output>
  </reporter-output>
  <suite started-at="2020-10-18T01:06:01Z" name="Suite" finished-at="2020-10-18T01:06:39Z" duration-ms="37686">
    <groups>
      <group name="cucumber">
        <method signature="AbstractTestNGCucumberTests.feature(cucumber.api.testng.CucumberFeatureWrapper)[pri:0, instance:com.TestRunner.Demo.TestRunnerPage@479cbee5]" name="feature" class="cucumber.api.testng.AbstractTestNGCucumberTests"/>
      </group> <!-- cucumber -->
    </groups>
    <test started-at="2020-10-18T01:06:01Z" name="ProjectDemo" finished-at="2020-10-18T01:06:39Z" duration-ms="37686">
      <class name="com.TestRunner.Demo.TestRunnerPage">
        <test-method is-config="true" signature="setUP()[pri:0, instance:com.TestRunner.Demo.TestRunnerPage@479cbee5]" started-at="2020-10-18T01:06:01Z" name="setUP" finished-at="2020-10-18T01:06:08Z" duration-ms="7244" status="PASS">
          <reporter-output>
          </reporter-output>
        </test-method> <!-- setUP -->
        <test-method is-config="true" signature="setUpClass()[pri:0, instance:com.TestRunner.Demo.TestRunnerPage@479cbee5]" started-at="2020-10-18T01:06:08Z" name="setUpClass" finished-at="2020-10-18T01:06:09Z" duration-ms="926" status="PASS">
          <reporter-output>
          </reporter-output>
        </test-method> <!-- setUpClass -->
        <test-method signature="feature(cucumber.api.testng.CucumberFeatureWrapper)[pri:0, instance:com.TestRunner.Demo.TestRunnerPage@479cbee5]" started-at="2020-10-18T01:06:10Z" name="feature" description="Runs Cucumber Feature" data-provider="features" finished-at="2020-10-18T01:06:37Z" duration-ms="27856" status="PASS">
          <params>
            <param index="0">
              <value>
                <![CDATA[home page]]>
              </value>
            </param>
          </params>
          <reporter-output>
          </reporter-output>
        </test-method> <!-- feature -->
        <test-method is-config="true" signature="tearDownClass()[pri:0, instance:com.TestRunner.Demo.TestRunnerPage@479cbee5]" started-at="2020-10-18T01:06:37Z" name="tearDownClass" finished-at="2020-10-18T01:06:37Z" duration-ms="17" status="PASS">
          <reporter-output>
          </reporter-output>
        </test-method> <!-- tearDownClass -->
        <test-method is-config="true" signature="tearDown()[pri:0, instance:com.TestRunner.Demo.TestRunnerPage@479cbee5]" started-at="2020-10-18T01:06:37Z" name="tearDown" finished-at="2020-10-18T01:06:39Z" duration-ms="1290" status="PASS">
          <reporter-output>
          </reporter-output>
        </test-method> <!-- tearDown -->
      </class> <!-- com.TestRunner.Demo.TestRunnerPage -->
    </test> <!-- ProjectDemo -->
  </suite> <!-- Suite -->
</testng-results>
