<?xml version="1.0" encoding="UTF-8"?>
<testng-results ignored="0" total="1" passed="1" failed="0" skipped="0">
  <reporter-output>
  </reporter-output>
  <suite started-at="2020-10-18T01:04:20Z" name="Default suite" finished-at="2020-10-18T01:04:57Z" duration-ms="36426">
    <groups>
      <group name="cucumber">
        <method signature="AbstractTestNGCucumberTests.feature(cucumber.api.testng.CucumberFeatureWrapper)[pri:0, instance:com.TestRunner.Demo.TestRunnerPage@4f704591]" name="feature" class="cucumber.api.testng.AbstractTestNGCucumberTests"/>
      </group> <!-- cucumber -->
    </groups>
    <test started-at="2020-10-18T01:04:20Z" name="Default test" finished-at="2020-10-18T01:04:57Z" duration-ms="36426">
      <class name="com.TestRunner.Demo.TestRunnerPage">
        <test-method is-config="true" signature="setUP()[pri:0, instance:com.TestRunner.Demo.TestRunnerPage@4f704591]" started-at="2020-10-18T01:04:20Z" name="setUP" finished-at="2020-10-18T01:04:27Z" duration-ms="7144" status="PASS">
          <reporter-output>
          </reporter-output>
        </test-method> <!-- setUP -->
        <test-method is-config="true" signature="setUpClass()[pri:0, instance:com.TestRunner.Demo.TestRunnerPage@4f704591]" started-at="2020-10-18T01:04:27Z" name="setUpClass" finished-at="2020-10-18T01:04:28Z" duration-ms="780" status="PASS">
          <reporter-output>
          </reporter-output>
        </test-method> <!-- setUpClass -->
        <test-method signature="feature(cucumber.api.testng.CucumberFeatureWrapper)[pri:0, instance:com.TestRunner.Demo.TestRunnerPage@4f704591]" started-at="2020-10-18T01:04:29Z" name="feature" description="Runs Cucumber Feature" data-provider="features" finished-at="2020-10-18T01:04:55Z" duration-ms="26617" status="PASS">
          <params>
            <param index="0">
              <value>
                <![CDATA[home page]]>
              </value>
            </param>
          </params>
          <reporter-output>
          </reporter-output>
        </test-method> <!-- feature -->
        <test-method is-config="true" signature="tearDownClass()[pri:0, instance:com.TestRunner.Demo.TestRunnerPage@4f704591]" started-at="2020-10-18T01:04:55Z" name="tearDownClass" finished-at="2020-10-18T01:04:55Z" duration-ms="17" status="PASS">
          <reporter-output>
          </reporter-output>
        </test-method> <!-- tearDownClass -->
        <test-method is-config="true" signature="tearDown()[pri:0, instance:com.TestRunner.Demo.TestRunnerPage@4f704591]" started-at="2020-10-18T01:04:55Z" name="tearDown" finished-at="2020-10-18T01:04:57Z" duration-ms="1477" status="PASS">
          <reporter-output>
          </reporter-output>
        </test-method> <!-- tearDown -->
      </class> <!-- com.TestRunner.Demo.TestRunnerPage -->
    </test> <!-- Default test -->
  </suite> <!-- Default suite -->
</testng-results>
